app/build/outputs/logs/manifest-merger-debug-report.txt
-- Merging decision tree log ---
manifest
ADDED from src\main\AndroidManifest.xml:2:1-111:12
INJECTED from src\main\AndroidManifest.xml:2:1-111:12
INJECTED from src\main\AndroidManifest.xml:2:1-111:12
INJECTED from src\main\AndroidManifest.xml:2:1-111:12
INJECTED from src\main\AndroidManifest.xml:2:1-111:12
INJECTED from src\main\AndroidManifest.xml:2:1-111:12
INJECTED from src\main\AndroidManifest.xml:2:1-111:12
	package
		ADDED from src\main\AndroidManifest.xml:3:5-30
		INJECTED from src\main\AndroidManifest.xml
		INJECTED from src\main\AndroidManifest.xml
	android:versionName
		ADDED from src\main\AndroidManifest.xml:5:5-30
		INJECTED from src\main\AndroidManifest.xml
		INJECTED from src\main\AndroidManifest.xml
	xmlns:android
		ADDED from src\main\AndroidManifest.xml:2:11-69
	android:versionCode
		ADDED from src\main\AndroidManifest.xml:4:5-28
		INJECTED from src\main\AndroidManifest.xml
		INJECTED from src\main\AndroidManifest.xml
uses-feature#android.hardware.wifi
ADDED from src\main\AndroidManifest.xml:9:5-58
	android:name
		ADDED from src\main\AndroidManifest.xml:9:19-55
uses-permission#android.permission.INTERNET
ADDED from src\main\AndroidManifest.xml:11:5-67
	android:name
		ADDED from src\main\AndroidManifest.xml:11:22-64
uses-permission#android.permission.WAKE_LOCK
ADDED from src\main\AndroidManifest.xml:12:5-68
	android:name
		ADDED from src\main\AndroidManifest.xml:12:22-65
uses-permission#android.permission.DISABLE_KEYGUARD
ADDED from src\main\AndroidManifest.xml:13:5-75
	android:name
		ADDED from src\main\AndroidManifest.xml:13:22-72
uses-permission#android.permission.READ_CONTACTS
ADDED from src\main\AndroidManifest.xml:14:5-72
	android:name
		ADDED from src\main\AndroidManifest.xml:14:22-69
uses-permission#android.permission.WRITE_CONTACTS
ADDED from src\main\AndroidManifest.xml:15:5-73
	android:name
		ADDED from src\main\AndroidManifest.xml:15:22-70
uses-permission#android.permission.RECEIVE_BOOT_COMPLETED
ADDED from src\main\AndroidManifest.xml:16:5-81
	android:name
		ADDED from src\main\AndroidManifest.xml:16:22-78
uses-permission#android.permission.READ_CALL_LOG
ADDED from src\main\AndroidManifest.xml:17:5-72
	android:name
		ADDED from src\main\AndroidManifest.xml:17:22-69
uses-permission#android.permission.WRITE_CALL_LOG
ADDED from src\main\AndroidManifest.xml:18:5-73
	android:name
		ADDED from src\main\AndroidManifest.xml:18:22-70
uses-permission#android.permission.WRITE_SETTINGS
ADDED from src\main\AndroidManifest.xml:19:5-73
	android:name
		ADDED from src\main\AndroidManifest.xml:19:22-70
uses-permission#android.permission.WRITE_EXTERNAL_STORAGE
ADDED from src\main\AndroidManifest.xml:20:5-81
	android:name
		ADDED from src\main\AndroidManifest.xml:20:22-78
uses-permission#android.permission.SYSTEM_ALERT_WINDOW
ADDED from src\main\AndroidManifest.xml:21:5-78
	android:name
		ADDED from src\main\AndroidManifest.xml:21:22-75
uses-permission#android.permission.GET_TASKS
ADDED from src\main\AndroidManifest.xml:22:5-68
	android:name
		ADDED from src\main\AndroidManifest.xml:22:22-65
uses-permission#android.permission.MODIFY_AUDIO_SETTINGS
ADDED from src\main\AndroidManifest.xml:23:5-80
	android:name
		ADDED from src\main\AndroidManifest.xml:23:22-77
uses-permission#android.permission.ACCESS_WIFI_STATE
ADDED from src\main\AndroidManifest.xml:24:5-76
	android:name
		ADDED from src\main\AndroidManifest.xml:24:22-73
uses-permission#android.permission.CHANGE_WIFI_STATE
ADDED from src\main\AndroidManifest.xml:25:5-76
	android:name
		ADDED from src\main\AndroidManifest.xml:25:22-73
uses-permission#android.permission.ACCESS_NETWORK_STATE
ADDED from src\main\AndroidManifest.xml:26:5-79
	android:name
		ADDED from src\main\AndroidManifest.xml:26:22-76
uses-permission#android.permission.CHANGE_NETWORK_STATE
ADDED from src\main\AndroidManifest.xml:27:5-79
	android:name
		ADDED from src\main\AndroidManifest.xml:27:22-76
uses-permission#android.permission.BLUETOOTH
ADDED from src\main\AndroidManifest.xml:28:5-68
	android:name
		ADDED from src\main\AndroidManifest.xml:28:22-65
uses-permission#android.permission.BLUETOOTH_ADMIN
ADDED from src\main\AndroidManifest.xml:29:5-74
	android:name
		ADDED from src\main\AndroidManifest.xml:29:22-71
permission#com.dnake.misc.SysTalk
ADDED from src\main\AndroidManifest.xml:31:5-33:44
	android:protectionLevel
		ADDED from src\main\AndroidManifest.xml:33:9-41
	android:name
		ADDED from src\main\AndroidManifest.xml:32:9-46
application
ADDED from src\main\AndroidManifest.xml:35:5-109:19
	android:label
		ADDED from src\main\AndroidManifest.xml:39:9-41
	android:hardwareAccelerated
		ADDED from src\main\AndroidManifest.xml:37:9-43
	android:icon
		ADDED from src\main\AndroidManifest.xml:38:9-45
	android:allowBackup
		ADDED from src\main\AndroidManifest.xml:36:9-35
service#com.dnake.misc.SysTalk
ADDED from src\main\AndroidManifest.xml:40:9-48:19
	android:enabled
		ADDED from src\main\AndroidManifest.xml:42:13-35
	android:exported
		ADDED from src\main\AndroidManifest.xml:43:13-36
	android:permission
		ADDED from src\main\AndroidManifest.xml:44:13-56
	android:name
		ADDED from src\main\AndroidManifest.xml:41:13-50
intent-filter#action:name:com.dnake.misc.SysTalk
ADDED from src\main\AndroidManifest.xml:45:13-47:29
action#com.dnake.misc.SysTalk
ADDED from src\main\AndroidManifest.xml:46:17-65
	android:name
		ADDED from src\main\AndroidManifest.xml:46:25-62
receiver#com.dnake.misc.SysReceiver
ADDED from src\main\AndroidManifest.xml:50:9-57:20
	android:name
		ADDED from src\main\AndroidManifest.xml:50:19-60
intent-filter#action:name:android.intent.action.BOOT_COMPLETED
ADDED from src\main\AndroidManifest.xml:51:13-53:29
action#android.intent.action.BOOT_COMPLETED
ADDED from src\main\AndroidManifest.xml:52:17-79
	android:name
		ADDED from src\main\AndroidManifest.xml:52:25-76
intent-filter#action:name:com.dnake.broadcast
ADDED from src\main\AndroidManifest.xml:54:13-56:29
action#com.dnake.broadcast
ADDED from src\main\AndroidManifest.xml:55:17-62
	android:name
		ADDED from src\main\AndroidManifest.xml:55:25-59
activity#com.dnake.panel.MainActivity
ADDED from src\main\AndroidManifest.xml:59:9-69:20
	android:screenOrientation
		ADDED from src\main\AndroidManifest.xml:62:13-50
	android:launchMode
		ADDED from src\main\AndroidManifest.xml:61:13-44
	android:theme
		ADDED from src\main\AndroidManifest.xml:63:13-40
	android:name
		ADDED from src\main\AndroidManifest.xml:60:13-56
intent-filter#action:name:android.intent.action.MAIN+category:name:android.intent.category.LAUNCHER
ADDED from src\main\AndroidManifest.xml:64:13-68:29
action#android.intent.action.MAIN
ADDED from src\main\AndroidManifest.xml:65:17-69
	android:name
		ADDED from src\main\AndroidManifest.xml:65:25-66
category#android.intent.category.LAUNCHER
ADDED from src\main\AndroidManifest.xml:67:17-77
	android:name
		ADDED from src\main\AndroidManifest.xml:67:27-74
activity#com.dnake.panel.TalkLabel
ADDED from src\main\AndroidManifest.xml:70:9-75:20
	android:screenOrientation
		ADDED from src\main\AndroidManifest.xml:73:13-50
	android:launchMode
		ADDED from src\main\AndroidManifest.xml:72:13-44
	android:theme
		ADDED from src\main\AndroidManifest.xml:74:13-40
	android:name
		ADDED from src\main\AndroidManifest.xml:71:13-53
activity#com.dnake.panel.FaceLabel
ADDED from src\main\AndroidManifest.xml:76:9-81:20
	android:screenOrientation
		ADDED from src\main\AndroidManifest.xml:79:13-50
	android:launchMode
		ADDED from src\main\AndroidManifest.xml:78:13-44
	android:theme
		ADDED from src\main\AndroidManifest.xml:80:13-40
	android:name
		ADDED from src\main\AndroidManifest.xml:77:13-53
activity#com.dnake.panel.SDTLabel
ADDED from src\main\AndroidManifest.xml:82:9-87:20
	android:screenOrientation
		ADDED from src\main\AndroidManifest.xml:85:13-50
	android:launchMode
		ADDED from src\main\AndroidManifest.xml:84:13-44
	android:theme
		ADDED from src\main\AndroidManifest.xml:86:13-40
	android:name
		ADDED from src\main\AndroidManifest.xml:83:13-52
activity#com.dnake.panel.SDTLoggerLabel
ADDED from src\main\AndroidManifest.xml:88:9-96:20
	android:screenOrientation
		ADDED from src\main\AndroidManifest.xml:91:13-50
	android:launchMode
		ADDED from src\main\AndroidManifest.xml:90:13-44
	android:theme
		ADDED from src\main\AndroidManifest.xml:92:13-40
	android:name
		ADDED from src\main\AndroidManifest.xml:89:13-58
intent-filter#action:name:com.dnake.panel.SDTLoggerLabel
ADDED from src\main\AndroidManifest.xml:93:13-95:29
action#com.dnake.panel.SDTLoggerLabel
ADDED from src\main\AndroidManifest.xml:94:17-73
	android:name
		ADDED from src\main\AndroidManifest.xml:94:25-70
activity#com.dnake.panel.SDTViewLabel
ADDED from src\main\AndroidManifest.xml:97:9-102:20
	android:screenOrientation
		ADDED from src\main\AndroidManifest.xml:100:13-50
	android:launchMode
		ADDED from src\main\AndroidManifest.xml:99:13-44
	android:theme
		ADDED from src\main\AndroidManifest.xml:101:13-40
	android:name
		ADDED from src\main\AndroidManifest.xml:98:13-56
activity#com.dnake.panel.SetupLabel
ADDED from src\main\AndroidManifest.xml:103:9-108:20
	android:screenOrientation
		ADDED from src\main\AndroidManifest.xml:106:13-50
	android:launchMode
		ADDED from src\main\AndroidManifest.xml:105:13-44
	android:theme
		ADDED from src\main\AndroidManifest.xml:107:13-40
	android:name
		ADDED from src\main\AndroidManifest.xml:104:13-54
uses-sdk
INJECTED from src\main\AndroidManifest.xml reason: use-sdk injection requested
INJECTED from src\main\AndroidManifest.xml
INJECTED from src\main\AndroidManifest.xml
INJECTED from src\main\AndroidManifest.xml
INJECTED from src\main\AndroidManifest.xml
	android:targetSdkVersion
		INJECTED from src\main\AndroidManifest.xml
		ADDED from src\main\AndroidManifest.xml
		INJECTED from src\main\AndroidManifest.xml
	android:minSdkVersion
		INJECTED from src\main\AndroidManifest.xml
		ADDED from src\main\AndroidManifest.xml
		INJECTED from src\main\AndroidManifest.xml